C:\Program Files (x86)\MSBuild\Microsoft.Cpp\v4.0\V120\Microsoft.CppBuild.targets(363,5): warning MSB8004: Intermediate Directory does not end with a trailing slash.  This build instance will add the slash as it is required to allow proper evaluation of the Intermediate Directory.
C:\Program Files (x86)\MSBuild\Microsoft.Cpp\v4.0\V120\Microsoft.CppBuild.targets(364,5): warning MSB8004: Output Directory does not end with a trailing slash.  This build instance will add the slash as it is required to allow proper evaluation of the Output Directory.
  Compiling pointeroverride.asm
   Assembling: E:\boxobama\sp\src\public\tier0\pointeroverride.asm
  Microsoft (R) Macro Assembler Version 12.00.40629.0
  Copyright (C) Microsoft Corporation.  All rights reserved.
  
  Running VPC CRC Check - client_episodic.vpc
  stdafx.cpp
  mp3player.cpp
  cdll_replay.cpp
  replaycamera.cpp
  achievement_notification_panel.cpp
  achievement_saverestore.cpp
  achievementmgr.cpp
  achievements_hlx.cpp
  activitylist.cpp
  alphamaterialproxy.cpp
  ammodef.cpp
  animatedentitytextureproxy.cpp
  animatedoffsettextureproxy.cpp
  animatedtextureproxy.cpp
  AnimateSpecificTextureProxy.cpp
  animation.cpp
  base_playeranimstate.cpp
  baseachievement.cpp
  baseanimatedtextureproxy.cpp
  baseclientrendertargets.cpp
  basecombatcharacter_shared.cpp
  basecombatweapon_shared.cpp
  baseentity_shared.cpp
  basegrenade_shared.cpp
  baseparticleentity.cpp
  baseplayer_shared.cpp
  basepresence.cpp
  baseprojectile.cpp
  baseviewmodel_shared.cpp
  beam_shared.cpp
  beamdraw.cpp
  bone_accessor.cpp
  bone_merge_cache.cpp
  c_ai_basehumanoid.cpp
  c_ai_basenpc.cpp
  c_baseanimating.cpp
  c_baseanimatingoverlay.cpp
  c_basecombatcharacter.cpp
  c_basecombatweapon.cpp
  c_basedoor.cpp
  c_baseentity.cpp
  c_baseflex.cpp
  c_baseplayer.cpp
  c_baseviewmodel.cpp
  c_breakableprop.cpp
  c_colorcorrection.cpp
  c_colorcorrectionvolume.cpp
  c_dynamiclight.cpp
  c_entitydissolve.cpp
  c_entityparticletrail.cpp
  c_env_fog_controller.cpp
  c_env_particlescript.cpp
  c_env_projectedtexture.cpp
  c_env_screenoverlay.cpp
  c_env_tonemap_controller.cpp
  c_fire_smoke.cpp
  c_fish.cpp
  c_func_areaportalwindow.cpp
  c_func_breakablesurf.cpp
  c_func_conveyor.cpp
  c_func_dust.cpp
  c_func_lod.cpp
  C_Func_Monitor.cpp
  c_func_occluder.cpp
  c_func_reflective_glass.cpp
  c_func_rotating.cpp
  c_func_smokevolume.cpp
  c_func_tracktrain.cpp
  c_gib.cpp
  c_hairball.cpp
  c_info_overlay_accessor.cpp
  c_lightglow.cpp
  C_MaterialModifyControl.cpp
  c_particle_system.cpp
  c_physbox.cpp
  c_physicsprop.cpp
  c_physmagnet.cpp
